[
    ResolvedReference {
        name: "A",
        loc: Loc {
            path: "./fixtures/root_reference.rb",
            begin: CaretPos {
                line: 6,
                column: 7,
            },
            end: CaretPos {
                line: 6,
                column: 7,
            },
        },
    },
    ResolvedReference {
        name: "A",
        loc: Loc {
            path: "./fixtures/root_reference.rb",
            begin: CaretPos {
                line: 7,
                column: 7,
            },
            end: CaretPos {
                line: 7,
                column: 7,
            },
        },
    },
    ResolvedReference {
        name: "A::B",
        loc: Loc {
            path: "./fixtures/root_reference.rb",
            begin: CaretPos {
                line: 8,
                column: 7,
            },
            end: CaretPos {
                line: 8,
                column: 7,
            },
        },
    },
    ResolvedReference {
        name: "B",
        loc: Loc {
            path: "./fixtures/root_reference.rb",
            begin: CaretPos {
                line: 9,
                column: 7,
            },
            end: CaretPos {
                line: 9,
                column: 7,
            },
        },
    },
]